<?xml version="1.0" encoding="UTF-8"?>
<!-- Generated by org.testng.reporters.JUnitXMLReporter -->
<testsuite ignored="2" hostname="HPCompaq6300-Melli11" failures="0" tests="1" name="Default test" time="6.458" errors="0" timestamp="2023-04-28T15:09:48 ART">
  <testcase classname="tests.Tests" name="tc01_iniciarSesion" time="6.401"/>
  <testcase classname="tests.Tests" name="tc02_reservarVuelo" time="0.0">
    <ignored/>
  </testcase> <!-- tc02_reservarVuelo -->
  <testcase classname="tests.Tests" name="tc03_datosReserva" time="0.0">
    <ignored/>
  </testcase> <!-- tc03_datosReserva -->
</testsuite> <!-- Default test -->
