<?xml version="1.0" encoding="UTF-8"?>
<!-- Generated by org.testng.reporters.JUnitXMLReporter -->
<testsuite ignored="1" hostname="HPCompaq6300-Melli11" failures="0" tests="1" name="Default test" time="8.132" errors="0" timestamp="2023-04-27T16:45:48 ART">
  <testcase classname="tests.Tests" name="tc02_reservarVuelo" time="8.086"/>
  <testcase classname="tests.Tests" name="tc01_iniciarSesion" time="0.0">
    <ignored/>
  </testcase> <!-- tc01_iniciarSesion -->
</testsuite> <!-- Default test -->
