<?xml version="1.0" encoding="UTF-8"?>
<testng-results ignored="1" total="2" passed="1" failed="0" skipped="0">
  <reporter-output>
  </reporter-output>
  <suite started-at="2023-04-27T16:45:40 ART" name="Default suite" finished-at="2023-04-27T16:45:48 ART" duration-ms="8132">
    <groups>
    </groups>
    <test started-at="2023-04-27T16:45:40 ART" name="Default test" finished-at="2023-04-27T16:45:48 ART" duration-ms="8132">
      <class name="tests.Tests">
        <test-method is-config="true" signature="setUp()[pri:0, instance:tests.Tests@60099951]" started-at="2023-04-27T16:45:30 ART" name="setUp" finished-at="2023-04-27T16:45:40 ART" duration-ms="10089" status="PASS">
          <reporter-output>
          </reporter-output>
        </test-method> <!-- setUp -->
        <test-method signature="tc02_reservarVuelo()[pri:0, instance:tests.Tests@60099951]" started-at="2023-04-27T16:45:40 ART" name="tc02_reservarVuelo" finished-at="2023-04-27T16:45:48 ART" duration-ms="8086" status="PASS">
          <reporter-output>
          </reporter-output>
        </test-method> <!-- tc02_reservarVuelo -->
        <test-method is-config="true" signature="tearDown()[pri:0, instance:tests.Tests@60099951]" started-at="2023-04-27T16:45:48 ART" name="tearDown" finished-at="2023-04-27T16:45:49 ART" duration-ms="278" status="PASS">
          <reporter-output>
          </reporter-output>
        </test-method> <!-- tearDown -->
      </class> <!-- tests.Tests -->
    </test> <!-- Default test -->
  </suite> <!-- Default suite -->
</testng-results>
